<?xml version="1.0" encoding="UTF-8"?>
<!-- Generated by org.testng.reporters.JUnitXMLReporter -->
<testsuite ignored="0" hostname="Pawan" failures="0" tests="9" name="PetTest" time="22.317" errors="0" timestamp="2023-06-04T17:20:21 IST">
  <testcase classname="api.test.UserDDTests" name="testPostuser" time="6.538"/>
  <testcase classname="api.test.UserDDTests" name="testPostuser" time="1.98"/>
  <testcase classname="api.test.UserDDTests" name="testPostuser" time="1.635"/>
  <testcase classname="api.test.UserDDTests" name="testGetUserByName" time="1.876"/>
  <testcase classname="api.test.UserDDTests" name="testGetUserByName" time="1.641"/>
  <testcase classname="api.test.UserDDTests" name="testGetUserByName" time="1.756"/>
  <testcase classname="api.test.UserDDTests" name="testDeleteUserByName" time="1.492"/>
  <testcase classname="api.test.UserDDTests" name="testDeleteUserByName" time="1.535"/>
  <testcase classname="api.test.UserDDTests" name="testDeleteUserByName" time="1.636"/>
</testsuite> <!-- PetTest -->
